0 info it worked if it ends with ok
1 verbose cli [ 'C:\\Program Files\\nodejs\\node.exe',
1 verbose cli   'C:\\Program Files\\nodejs\\node_modules\\npm\\bin\\npm-cli.js',
1 verbose cli   'run',
1 verbose cli   'commit' ]
2 info using npm@3.10.10
3 info using node@v6.10.3
4 verbose run-script [ 'precommit', 'commit', 'postcommit' ]
5 info lifecycle react-logarithmic-scale-graph@0.0.0-development~precommit: react-logarithmic-scale-graph@0.0.0-development
6 verbose lifecycle react-logarithmic-scale-graph@0.0.0-development~precommit: unsafe-perm in lifecycle true
7 verbose lifecycle react-logarithmic-scale-graph@0.0.0-development~precommit: PATH: C:\Program Files\nodejs\node_modules\npm\bin\node-gyp-bin;D:\react-logarithmic-scale-graph\node_modules\.bin;C:\Program Files\Docker\Docker\Resources\bin;C:\Program Files (x86)\Intel\iCLS Client\;C:\Program Files\Intel\iCLS Client\;C:\Windows\system32;C:\Windows;C:\Windows\System32\Wbem;C:\Windows\System32\WindowsPowerShell\v1.0\;C:\Program Files (x86)\Intel\Intel(R) Management Engine Components\DAL;C:\Program Files\Intel\Intel(R) Management Engine Components\DAL;C:\Program Files (x86)\Intel\Intel(R) Management Engine Components\IPT;C:\Program Files\Intel\Intel(R) Management Engine Components\IPT;C:\Program Files (x86)\Skype\Phone\;C:\Program Files\nodejs\;C:\Program Files\Git\cmd;C:\Users\DHRUVD\AppData\Local\Microsoft\WindowsApps;C:\Program Files\Microsoft VS Code\bin;C:\Users\DHRUVD\AppData\Roaming\npm;C:\Program Files\MongoDB\Server\3.4\bin;"C:\Users\DHRUVD\AppData\Roaming\Python\Scripts;";"C:\Users\DHRUVD\AppData\Local\Programs\Python\Python36\Scripts;";C:\Users\DHRUVD\AppData\Roaming\Python\Python36\Scripts;C:\Users\DHRUVD\AppData\Local\Programs\Python\Python36;
8 verbose lifecycle react-logarithmic-scale-graph@0.0.0-development~precommit: CWD: D:\react-logarithmic-scale-graph
9 silly lifecycle react-logarithmic-scale-graph@0.0.0-development~precommit: Args: [ '/d /s /c', 'npm run test:single' ]
10 silly lifecycle react-logarithmic-scale-graph@0.0.0-development~precommit: Returned: code: 1  signal: null
11 info lifecycle react-logarithmic-scale-graph@0.0.0-development~precommit: Failed to exec precommit script
12 verbose stack Error: react-logarithmic-scale-graph@0.0.0-development precommit: `npm run test:single`
12 verbose stack Exit status 1
12 verbose stack     at EventEmitter.<anonymous> (C:\Program Files\nodejs\node_modules\npm\lib\utils\lifecycle.js:255:16)
12 verbose stack     at emitTwo (events.js:106:13)
12 verbose stack     at EventEmitter.emit (events.js:191:7)
12 verbose stack     at ChildProcess.<anonymous> (C:\Program Files\nodejs\node_modules\npm\lib\utils\spawn.js:40:14)
12 verbose stack     at emitTwo (events.js:106:13)
12 verbose stack     at ChildProcess.emit (events.js:191:7)
12 verbose stack     at maybeClose (internal/child_process.js:886:16)
12 verbose stack     at Process.ChildProcess._handle.onexit (internal/child_process.js:226:5)
13 verbose pkgid react-logarithmic-scale-graph@0.0.0-development
14 verbose cwd D:\react-logarithmic-scale-graph
15 error Windows_NT 10.0.15063
16 error argv "C:\\Program Files\\nodejs\\node.exe" "C:\\Program Files\\nodejs\\node_modules\\npm\\bin\\npm-cli.js" "run" "commit"
17 error node v6.10.3
18 error npm  v3.10.10
19 error code ELIFECYCLE
20 error react-logarithmic-scale-graph@0.0.0-development precommit: `npm run test:single`
20 error Exit status 1
21 error Failed at the react-logarithmic-scale-graph@0.0.0-development precommit script 'npm run test:single'.
21 error Make sure you have the latest version of node.js and npm installed.
21 error If you do, this is most likely a problem with the react-logarithmic-scale-graph package,
21 error not with npm itself.
21 error Tell the author that this fails on your system:
21 error     npm run test:single
21 error You can get information on how to open an issue for this project with:
21 error     npm bugs react-logarithmic-scale-graph
21 error Or if that isn't available, you can get their info via:
21 error     npm owner ls react-logarithmic-scale-graph
21 error There is likely additional logging output above.
22 verbose exit [ 1, true ]
